#
# A fatal error has been detected by the Java Runtime Environment:
#
#  EXCEPTION_ACCESS_VIOLATION (0xc0000005) at pc=0x6d8fab31, pid=3468, tid=4400
#
# JRE version: 6.0_25-b06
# Java VM: Java HotSpot(TM) Client VM (20.0-b11 mixed mode windows-x86 )
# Problematic frame:
# V  [jvm.dll+0x5ab31]
#
# If you would like to submit a bug report, please visit:
#   http://java.sun.com/webapps/bugreport/crash.jsp
#

---------------  T H R E A D  ---------------

Current thread (0x021f7000):  VMThread [stack: 0x00bb0000,0x00c00000] [id=4400]

siginfo: ExceptionCode=0xc0000005, reading address 0x00000000

Registers:
EAX=0x00000000, EBX=0x0000001c, ECX=0x00000010, EDX=0x00000004
ESP=0x00bff904, EBP=0x00bff918, ESI=0x04321000, EDI=0x0015fd40
EIP=0x6d8fab31, EFLAGS=0x00010246

Top of Stack: (sp=0x00bff904)
0x00bff904:   05ef0240 00bffa54 0000001c 0015fd40
0x00bff914:   00000004 00bff92c 6d8fad37 04321000
0x00bff924:   05ef0258 05ef0240 00bff944 6d92cda9
0x00bff934:   05ef0240 061bfff8 05ef01e8 00bffa54
0x00bff944:   00bff964 6d907c28 05ef01e8 00bffa54
0x00bff954:   0015fd40 00bffa54 00000000 0015ff98
0x00bff964:   00bff978 6d8f986d 00bffa54 0015fc08
0x00bff974:   00000000 00bff98c 6d8fef0a 00bffa54 

Instructions: (pc=0x6d8fab31)
0x6d8fab11:   83 c0 08 50 8b ce 89 7d f8 e8 31 33 fb ff 8b d0
0x6d8fab21:   8b 06 f6 d0 a8 01 8b 06 89 55 fc 74 05 83 e0 fd
0x6d8fab31:   8b 00 8b 8f 8c 00 00 00 c1 e8 03 83 e0 0f 3b c1
0x6d8fab41:   7d 15 8b 8f b0 01 00 00 8b 01 52 ff 50 6c 8b d8 


Register to memory mapping:

EAX=0x00000000 is an unknown value
EBX=0x0000001c is an unknown value
ECX=0x00000010 is an unknown value
EDX=0x00000004 is an unknown value
ESP=0x00bff904 is an unknown value
EBP=0x00bff918 is an unknown value
ESI=0x04321000 is an oop
java.lang.Integer 
 - klass: 'java/lang/Integer'
EDI=0x0015fd40 is an unknown value


Stack: [0x00bb0000,0x00c00000],  sp=0x00bff904,  free space=318k
Native frames: (J=compiled Java code, j=interpreted, Vv=VM code, C=native code)
V  [jvm.dll+0x5ab31]
V  [jvm.dll+0x5ad37]
V  [jvm.dll+0x8cda9]
V  [jvm.dll+0x67c28]
V  [jvm.dll+0x5986d]
V  [jvm.dll+0x5ef0a]
V  [jvm.dll+0x59ca7]
V  [jvm.dll+0x5ff28]
V  [jvm.dll+0x57acb]
V  [jvm.dll+0x13afb7]
V  [jvm.dll+0x11d903]
V  [jvm.dll+0x11cbce]
V  [jvm.dll+0x11cef0]
V  [jvm.dll+0x11d2f2]
V  [jvm.dll+0x140a8c]
C  [msvcr71.dll+0x9565]  endthreadex+0xa0
C  [kernel32.dll+0x4d0e9]  BaseThreadInitThunk+0x12
C  [ntdll.dll+0x416c3]  RtlInitializeExceptionChain+0x63
C  [ntdll.dll+0x41696]  RtlInitializeExceptionChain+0x36

VM_Operation (0x1903e958): GenCollectForAllocation, mode: safepoint, requested by thread 0x186b4c00


---------------  P R O C E S S  ---------------

Java Threads: ( => current thread )
  0x1a04b000 JavaThread "TimerQueue" daemon [_thread_blocked, id=3056, stack(0x193e0000,0x19430000)]
  0x18622c00 JavaThread "Swing-Shell" daemon [_thread_blocked, id=2292, stack(0x19220000,0x19270000)]
  0x00159400 JavaThread "DestroyJavaVM" [_thread_blocked, id=4864, stack(0x000c0000,0x00110000)]
  0x186b4c00 JavaThread "AWT-EventQueue-0" [_thread_blocked, id=3944, stack(0x18ff0000,0x19040000)]
  0x18674000 JavaThread "AWT-Windows" daemon [_thread_in_native, id=1340, stack(0x18fa0000,0x18ff0000)]
  0x18673800 JavaThread "AWT-Shutdown" [_thread_blocked, id=4432, stack(0x18f10000,0x18f60000)]
  0x18670000 JavaThread "Java2D Disposer" daemon [_thread_blocked, id=5264, stack(0x188b0000,0x18900000)]
  0x0224ec00 JavaThread "Low Memory Detector" daemon [_thread_blocked, id=1624, stack(0x18520000,0x18570000)]
  0x0224bc00 JavaThread "C1 CompilerThread0" daemon [_thread_blocked, id=2508, stack(0x184d0000,0x18520000)]
  0x0223d800 JavaThread "JDWP Command Reader" daemon [_thread_in_native, id=5864, stack(0x18480000,0x184d0000)]
  0x0223b400 JavaThread "JDWP Event Helper Thread" daemon [_thread_blocked, id=1372, stack(0x18430000,0x18480000)]
  0x02239400 JavaThread "JDWP Transport Listener: dt_socket" daemon [_thread_blocked, id=4532, stack(0x183e0000,0x18430000)]
  0x0222d800 JavaThread "Attach Listener" daemon [_thread_blocked, id=5336, stack(0x18310000,0x18360000)]
  0x0222a800 JavaThread "Signal Dispatcher" daemon [_thread_blocked, id=5644, stack(0x182c0000,0x18310000)]
  0x02200400 JavaThread "Finalizer" daemon [_thread_blocked, id=5772, stack(0x18270000,0x182c0000)]
  0x021fbc00 JavaThread "Reference Handler" daemon [_thread_blocked, id=5740, stack(0x01310000,0x01360000)]

Other Threads:
=>0x021f7000 VMThread [stack: 0x00bb0000,0x00c00000] [id=4400]
  0x02258000 WatcherThread [stack: 0x185b0000,0x18600000] [id=2968]

VM state:at safepoint (normal execution)

VM Mutex/Monitor currently owned by a thread:  ([mutex/lock_event])
[0x00157548] Threads_lock - owner thread: 0x021f7000
[0x00157958] Heap_lock - owner thread: 0x186b4c00

Heap
 def new generation   total 28864K, used 25664K [0x04270000, 0x061c0000, 0x097c0000)
  eden space 25664K, 100% used [0x04270000, 0x05b80000, 0x05b80000)
  from space 3200K,   0% used [0x05b80000, 0x05b80000, 0x05ea0000)
  to   space 3200K,  99% used [0x05ea0000, 0x061bfff8, 0x061c0000)
 tenured generation   total 63996K, used 41267K [0x097c0000, 0x0d63f000, 0x14270000)
   the space 63996K,  64% used [0x097c0000, 0x0c00cfa0, 0x0c00d000, 0x0d63f000)
 compacting perm gen  total 12288K, used 11250K [0x14270000, 0x14e70000, 0x18270000)
   the space 12288K,  91% used [0x14270000, 0x14d6c8d0, 0x14d6ca00, 0x14e70000)
No shared spaces configured.

Code Cache  [0x02270000, 0x023c0000, 0x04270000)
 total_blobs=828 nmethods=620 adapters=152 free_code_cache=32191488 largest_free_block=256

Dynamic libraries:
0x00400000 - 0x00424000 	C:\Program Files\Java\jdk1.6.0_25\jre\bin\java.exe
0x776e0000 - 0x77808000 	C:\Windows\system32\ntdll.dll
0x76ec0000 - 0x76f9c000 	C:\Windows\system32\kernel32.dll
0x76a20000 - 0x76ae6000 	C:\Windows\system32\ADVAPI32.dll
0x77430000 - 0x774f3000 	C:\Windows\system32\RPCRT4.dll
0x7c340000 - 0x7c396000 	C:\Program Files\Java\jdk1.6.0_25\jre\bin\msvcr71.dll
0x6d8a0000 - 0x6db4f000 	C:\Program Files\Java\jdk1.6.0_25\jre\bin\client\jvm.dll
0x770c0000 - 0x7715d000 	C:\Windows\system32\USER32.dll
0x76cd0000 - 0x76d1b000 	C:\Windows\system32\GDI32.dll
0x74390000 - 0x743c2000 	C:\Windows\system32\WINMM.dll
0x76e10000 - 0x76eba000 	C:\Windows\system32\msvcrt.dll
0x77500000 - 0x77645000 	C:\Windows\system32\ole32.dll
0x77830000 - 0x778bd000 	C:\Windows\system32\OLEAUT32.dll
0x74350000 - 0x7438d000 	C:\Windows\system32\OLEACC.dll
0x778c0000 - 0x778de000 	C:\Windows\system32\IMM32.DLL
0x76950000 - 0x76a18000 	C:\Windows\system32\MSCTF.dll
0x75be0000 - 0x75c0c000 	C:\Windows\system32\apphelp.dll
0x76d20000 - 0x76d29000 	C:\Windows\system32\LPK.DLL
0x76d60000 - 0x76ddd000 	C:\Windows\system32\USP10.dll
0x6d850000 - 0x6d85c000 	C:\Program Files\Java\jdk1.6.0_25\jre\bin\verify.dll
0x6d3d0000 - 0x6d3ef000 	C:\Program Files\Java\jdk1.6.0_25\jre\bin\java.dll
0x75da0000 - 0x75da7000 	C:\Windows\system32\PSAPI.DLL
0x6d420000 - 0x6d449000 	C:\Program Files\Java\jdk1.6.0_25\jre\bin\jdwp.dll
0x6d740000 - 0x6d746000 	C:\Program Files\Java\jdk1.6.0_25\jre\bin\npt.dll
0x6d890000 - 0x6d89f000 	C:\Program Files\Java\jdk1.6.0_25\jre\bin\zip.dll
0x6d2b0000 - 0x6d2b7000 	C:\Program Files\Java\jdk1.6.0_25\jre\bin\dt_socket.dll
0x76de0000 - 0x76e0d000 	C:\Windows\system32\WS2_32.dll
0x77810000 - 0x77816000 	C:\Windows\system32\NSI.dll
0x753d0000 - 0x7540b000 	C:\Windows\system32\mswsock.dll
0x75090000 - 0x75095000 	C:\Windows\System32\wshtcpip.dll
0x6d0b0000 - 0x6d1fb000 	C:\Program Files\Java\jdk1.6.0_25\jre\bin\awt.dll
0x712d0000 - 0x71312000 	C:\Windows\system32\WINSPOOL.DRV
0x74b00000 - 0x74c9e000 	C:\Windows\WinSxS\x86_microsoft.windows.common-controls_6595b64144ccf1df_6.0.6002.18305_none_5cb72f2a088b0ed3\COMCTL32.dll
0x778e0000 - 0x77939000 	C:\Windows\system32\SHLWAPI.dll
0x6d6b0000 - 0x6d6c3000 	C:\Program Files\Java\jdk1.6.0_25\jre\bin\net.dll
0x75430000 - 0x75435000 	C:\Windows\System32\wship6.dll
0x74d10000 - 0x74d1f000 	C:\Windows\system32\NLAapi.dll
0x75640000 - 0x75659000 	C:\Windows\system32\IPHLPAPI.DLL
0x75600000 - 0x75635000 	C:\Windows\system32\dhcpcsvc.DLL
0x75880000 - 0x758ac000 	C:\Windows\system32\DNSAPI.dll
0x75c40000 - 0x75c54000 	C:\Windows\system32\Secur32.dll
0x755f0000 - 0x755f7000 	C:\Windows\system32\WINNSI.DLL
0x755c0000 - 0x755e2000 	C:\Windows\system32\dhcpcsvc6.DLL
0x73040000 - 0x7304f000 	C:\Windows\system32\napinsp.dll
0x72e90000 - 0x72ea2000 	C:\Windows\system32\pnrpnsp.dll
0x73010000 - 0x73018000 	C:\Windows\System32\winrnr.dll
0x76af0000 - 0x76b39000 	C:\Windows\system32\WLDAP32.dll
0x73050000 - 0x73056000 	C:\Windows\system32\rasadhlp.dll
0x714f0000 - 0x714fc000 	C:\Windows\system32\DWMAPI.DLL
0x74e00000 - 0x74e3f000 	C:\Windows\system32\uxtheme.dll
0x6d2e0000 - 0x6d32f000 	C:\Program Files\Java\jdk1.6.0_25\jre\bin\fontmanager.dll
0x6d6d0000 - 0x6d6d9000 	C:\Program Files\Java\jdk1.6.0_25\jre\bin\nio.dll
0x6d250000 - 0x6d273000 	C:\Program Files\Java\jdk1.6.0_25\jre\bin\dcpr.dll
0x75db0000 - 0x768c1000 	C:\Windows\system32\shell32.dll
0x77650000 - 0x776d4000 	C:\Windows\system32\CLBCatQ.DLL
0x76b40000 - 0x76cca000 	C:\Windows\system32\SETUPAPI.dll
0x6f340000 - 0x6f563000 	C:\Windows\system32\NetworkExplorer.dll
0x74230000 - 0x742eb000 	C:\Windows\system32\PROPSYS.dll
0x70210000 - 0x7031a000 	C:\Windows\System32\shdocvw.dll
0x75c60000 - 0x75c7e000 	C:\Windows\system32\USERENV.dll
0x757e0000 - 0x757f4000 	C:\Windows\system32\MPR.dll
0x6c3e0000 - 0x6c3f3000 	C:\Windows\System32\ntlanman.dll
0x75aa0000 - 0x75b16000 	C:\Windows\System32\NETAPI32.dll
0x6cec0000 - 0x6cec8000 	C:\Windows\System32\drprov.dll
0x6c3c0000 - 0x6c3d2000 	C:\Windows\System32\davclnt.dll
0x756e0000 - 0x757d2000 	C:\Windows\System32\CRYPT32.dll
0x75840000 - 0x75852000 	C:\Windows\System32\MSASN1.dll
0x71d60000 - 0x71d6b000 	C:\Windows\system32\cscapi.dll
0x6a5f0000 - 0x6a85e000 	C:\Windows\system32\wpdshext.dll
0x744b0000 - 0x7465b000 	C:\Windows\WinSxS\x86_microsoft.windows.gdiplus_6595b64144ccf1df_1.0.6002.18342_none_9e54f8aaca13c773\gdiplus.dll
0x720e0000 - 0x72136000 	C:\Windows\system32\PortableDeviceApi.dll
0x74f00000 - 0x74f2d000 	C:\Windows\system32\WINTRUST.dll
0x76d30000 - 0x76d59000 	C:\Windows\system32\imagehlp.dll
0x6c7d0000 - 0x6c80f000 	C:\Windows\system32\audiodev.dll
0x6a3a0000 - 0x6a5eb000 	C:\Windows\system32\WMVCore.DLL
0x6c790000 - 0x6c7c9000 	C:\Windows\system32\WMASF.DLL
0x70fb0000 - 0x70fcf000 	C:\Windows\system32\EhStorShell.dll
0x6c400000 - 0x6c420000 	C:\Windows\System32\EhStorAPI.dll
0x70450000 - 0x70459000 	C:\Windows\system32\LINKINFO.dll

VM Arguments:
jvm_args: -Xdebug -Xrunjdwp:transport=dt_socket,address=127.0.0.1:51762 
java_command: ij.ImageJ
Launcher Type: SUN_STANDARD

Environment Variables:
CLASSPATH=.;C:\Program Files\QuickTime\QTSystem\QTJava.zip
PATH=C:\Program Files\Common Files\Microsoft Shared\Windows Live;C:\Windows\system32;C:\Windows;C:\Windows\System32\Wbem;C:\Windows\System32\WindowsPowerShell\v1.0\;C:\Program Files\QuickTime\QTSystem\;C:\Program Files\Windows Live\Shared;C:\Program Files\Java\bin;C:\Program Files\SSH Communications Security\SSH Secure Shell
USERNAME=Manip
OS=Windows_NT
PROCESSOR_IDENTIFIER=x86 Family 6 Model 15 Stepping 11, GenuineIntel



---------------  S Y S T E M  ---------------

OS: Windows Vista Build 6002 Service Pack 2

CPU:total 2 (2 cores per cpu, 1 threads per core) family 6 model 15 stepping 11, cmov, cx8, fxsr, mmx, sse, sse2, sse3, ssse3

Memory: 4k page, physical 3658804k(1929488k free), swap 7523428k(5771264k free)

vm_info: Java HotSpot(TM) Client VM (20.0-b11) for windows-x86 JRE (1.6.0_25-b06), built on Apr 14 2011 01:04:32 by "java_re" with MS VC++ 7.1 (VS2003)

time: Fri Jul 01 12:07:22 2011
elapsed time: 24 seconds

