#
# A fatal error has been detected by the Java Runtime Environment:
#
#  EXCEPTION_ACCESS_VIOLATION (0xc0000005) at pc=0x6d8fab31, pid=5780, tid=5808
#
# JRE version: 6.0_25-b06
# Java VM: Java HotSpot(TM) Client VM (20.0-b11 mixed mode, sharing windows-x86 )
# Problematic frame:
# V  [jvm.dll+0x5ab31]
#
# If you would like to submit a bug report, please visit:
#   http://java.sun.com/webapps/bugreport/crash.jsp
#

---------------  T H R E A D  ---------------

Current thread (0x00ae1000):  VMThread [stack: 0x00bb0000,0x00c00000] [id=5808]

siginfo: ExceptionCode=0xc0000005, reading address 0x00000000

Registers:
EAX=0x00000000, EBX=0x38c2163c, ECX=0x00000040, EDX=0x00000010
ESP=0x00bff910, EBP=0x00bff924, ESI=0x2435f000, EDI=0x0094efa8
EIP=0x6d8fab31, EFLAGS=0x00010246

Top of Stack: (sp=0x00bff910)
0x00bff910:   00bffa54 246d7ed0 38c2163c 0094efa8
0x00bff920:   00000010 00bff944 6d91ad31 2435f000
0x00bff930:   246dfeb8 246d7e98 00bffa54 38c21644
0x00bff940:   38c21498 00bff964 6d907c28 246d7e98
0x00bff950:   246d7ed8 0094efa8 00bffa54 00000000
0x00bff960:   0094fa00 00bff978 6d8f986d 00bffa54
0x00bff970:   0094d0e8 00000000 00bff98c 6d8fef0a
0x00bff980:   00bffa54 0094d0e8 00bffa14 00bffa84 

Instructions: (pc=0x6d8fab31)
0x6d8fab11:   83 c0 08 50 8b ce 89 7d f8 e8 31 33 fb ff 8b d0
0x6d8fab21:   8b 06 f6 d0 a8 01 8b 06 89 55 fc 74 05 83 e0 fd
0x6d8fab31:   8b 00 8b 8f 8c 00 00 00 c1 e8 03 83 e0 0f 3b c1
0x6d8fab41:   7d 15 8b 8f b0 01 00 00 8b 01 52 ff 50 6c 8b d8 


Register to memory mapping:

EAX=0x00000000 is an unknown value
EBX=0x38c2163c is an oop
{instance class} 
 - klass: {other class}
ECX=0x00000040 is an unknown value
EDX=0x00000010 is an unknown value
ESP=0x00bff910 is an unknown value
EBP=0x00bff924 is an unknown value
ESI=0x2435f000 is an oop
java.lang.reflect.Constructor 
 - klass: 'java/lang/reflect/Constructor'
EDI=0x0094efa8 is an unknown value


Stack: [0x00bb0000,0x00c00000],  sp=0x00bff910,  free space=318k
Native frames: (J=compiled Java code, j=interpreted, Vv=VM code, C=native code)
V  [jvm.dll+0x5ab31]
V  [jvm.dll+0x7ad31]
V  [jvm.dll+0x67c28]
V  [jvm.dll+0x5986d]
V  [jvm.dll+0x5ef0a]
V  [jvm.dll+0x59ca7]
V  [jvm.dll+0x5ff28]
V  [jvm.dll+0x57acb]
V  [jvm.dll+0x13afb7]
V  [jvm.dll+0x11d903]
V  [jvm.dll+0x11cbce]
V  [jvm.dll+0x11cef0]
V  [jvm.dll+0x11d2f2]
V  [jvm.dll+0x140a8c]
C  [msvcr71.dll+0x9565]  endthreadex+0xa0
C  [kernel32.dll+0x4d0e9]  BaseThreadInitThunk+0x12
C  [ntdll.dll+0x416c3]  RtlInitializeExceptionChain+0x63
C  [ntdll.dll+0x41696]  RtlInitializeExceptionChain+0x36

VM_Operation (0x040edcc0): GenCollectForAllocation, mode: safepoint, requested by thread 0x00ba0c00


---------------  P R O C E S S  ---------------

Java Threads: ( => current thread )
  0x045f0000 JavaThread "Image Fetcher 0" daemon [_thread_blocked, id=5864, stack(0x04310000,0x04360000)]
  0x045eec00 JavaThread "AWT-EventQueue-0" [_thread_blocked, id=5860, stack(0x04140000,0x04190000)]
  0x00ba0c00 JavaThread "AWT-Windows" daemon [_thread_blocked, id=5856, stack(0x040a0000,0x040f0000)]
  0x00ba0400 JavaThread "AWT-Shutdown" [_thread_blocked, id=5852, stack(0x04000000,0x04050000)]
  0x00b7b400 JavaThread "Java2D Disposer" daemon [_thread_blocked, id=5848, stack(0x03ea0000,0x03ef0000)]
  0x00b3ec00 JavaThread "Low Memory Detector" daemon [_thread_blocked, id=5832, stack(0x03e00000,0x03e50000)]
  0x00b2c800 JavaThread "C1 CompilerThread0" daemon [_thread_blocked, id=5828, stack(0x03db0000,0x03e00000)]
  0x00b29800 JavaThread "Attach Listener" daemon [_thread_blocked, id=5824, stack(0x03d60000,0x03db0000)]
  0x00b28800 JavaThread "Signal Dispatcher" daemon [_thread_blocked, id=5820, stack(0x03d10000,0x03d60000)]
  0x00b1e000 JavaThread "Finalizer" daemon [_thread_blocked, id=5816, stack(0x03cc0000,0x03d10000)]
  0x00b1c800 JavaThread "Reference Handler" daemon [_thread_blocked, id=5812, stack(0x03c70000,0x03cc0000)]
  0x00949000 JavaThread "main" [_thread_in_native, id=5804, stack(0x002d0000,0x00320000)]

Other Threads:
=>0x00ae1000 VMThread [stack: 0x00bb0000,0x00c00000] [id=5808]
  0x00b52800 WatcherThread [stack: 0x03e50000,0x03ea0000] [id=5836]

VM state:at safepoint (normal execution)

VM Mutex/Monitor currently owned by a thread:  ([mutex/lock_event])
[0x00947548] Threads_lock - owner thread: 0x00ae1000
[0x00947958] Heap_lock - owner thread: 0x00ba0c00

Heap
 def new generation   total 4928K, used 4416K [0x24200000, 0x24750000, 0x29750000)
  eden space 4416K, 100% used [0x24200000, 0x24650000, 0x24650000)
  from space 512K,   0% used [0x24650000, 0x24650000, 0x246d0000)
  to   space 512K,  25% used [0x246d0000, 0x246f0a60, 0x24750000)
 tenured generation   total 10944K, used 0K [0x29750000, 0x2a200000, 0x34200000)
   the space 10944K,   0% used [0x29750000, 0x29750000, 0x29750200, 0x2a200000)
 compacting perm gen  total 12288K, used 620K [0x34200000, 0x34e00000, 0x38200000)
   the space 12288K,   5% used [0x34200000, 0x3429b3d0, 0x3429b400, 0x34e00000)
    ro space 10240K,  54% used [0x38200000, 0x3877e770, 0x3877e800, 0x38c00000)
    rw space 12288K,  55% used [0x38c00000, 0x392a4ac8, 0x392a4c00, 0x39800000)

Code Cache  [0x01bc0000, 0x01c58000, 0x03bc0000)
 total_blobs=293 nmethods=100 adapters=129 free_code_cache=32938688 largest_free_block=0

Dynamic libraries:
0x00400000 - 0x00424000 	C:\Program Files\Java\jdk1.6.0_25\jre\bin\java.exe
0x77330000 - 0x77458000 	C:\Windows\system32\ntdll.dll
0x76eb0000 - 0x76f8c000 	C:\Windows\system32\kernel32.dll
0x770b0000 - 0x77176000 	C:\Windows\system32\ADVAPI32.dll
0x774c0000 - 0x77583000 	C:\Windows\system32\RPCRT4.dll
0x7c340000 - 0x7c396000 	C:\Program Files\Java\jdk1.6.0_25\jre\bin\msvcr71.dll
0x6d8a0000 - 0x6db4f000 	C:\Program Files\Java\jdk1.6.0_25\jre\bin\client\jvm.dll
0x76f90000 - 0x7702d000 	C:\Windows\system32\USER32.dll
0x77030000 - 0x7707b000 	C:\Windows\system32\GDI32.dll
0x72f80000 - 0x72fb2000 	C:\Windows\system32\WINMM.dll
0x760a0000 - 0x7614a000 	C:\Windows\system32\msvcrt.dll
0x75b10000 - 0x75c55000 	C:\Windows\system32\ole32.dll
0x772a0000 - 0x7732d000 	C:\Windows\system32\OLEAUT32.dll
0x73d50000 - 0x73d8d000 	C:\Windows\system32\OLEACC.dll
0x76e90000 - 0x76eae000 	C:\Windows\system32\IMM32.DLL
0x76dc0000 - 0x76e88000 	C:\Windows\system32\MSCTF.dll
0x75830000 - 0x7585c000 	C:\Windows\system32\apphelp.dll
0x77470000 - 0x77479000 	C:\Windows\system32\LPK.DLL
0x76d40000 - 0x76dbd000 	C:\Windows\system32\USP10.dll
0x6d850000 - 0x6d85c000 	C:\Program Files\Java\jdk1.6.0_25\jre\bin\verify.dll
0x6d3d0000 - 0x6d3ef000 	C:\Program Files\Java\jdk1.6.0_25\jre\bin\java.dll
0x75960000 - 0x75967000 	C:\Windows\system32\PSAPI.DLL
0x6d890000 - 0x6d89f000 	C:\Program Files\Java\jdk1.6.0_25\jre\bin\zip.dll
0x6d0b0000 - 0x6d1fb000 	C:\Program Files\Java\jdk1.6.0_25\jre\bin\awt.dll
0x70d80000 - 0x70dc2000 	C:\Windows\system32\WINSPOOL.DRV
0x74780000 - 0x7491e000 	C:\Windows\WinSxS\x86_microsoft.windows.common-controls_6595b64144ccf1df_6.0.6002.18305_none_5cb72f2a088b0ed3\COMCTL32.dll
0x75c60000 - 0x75cb9000 	C:\Windows\system32\SHLWAPI.dll
0x6d6b0000 - 0x6d6c3000 	C:\Program Files\Java\jdk1.6.0_25\jre\bin\net.dll
0x77490000 - 0x774bd000 	C:\Windows\system32\WS2_32.dll
0x77460000 - 0x77466000 	C:\Windows\system32\NSI.dll
0x75050000 - 0x7508b000 	C:\Windows\system32\mswsock.dll
0x750b0000 - 0x750b5000 	C:\Windows\System32\wship6.dll
0x74d10000 - 0x74d15000 	C:\Windows\System32\wshtcpip.dll
0x74c40000 - 0x74c4f000 	C:\Windows\system32\NLAapi.dll
0x75290000 - 0x752a9000 	C:\Windows\system32\IPHLPAPI.DLL
0x75250000 - 0x75285000 	C:\Windows\system32\dhcpcsvc.DLL
0x754d0000 - 0x754fc000 	C:\Windows\system32\DNSAPI.dll
0x75890000 - 0x758a4000 	C:\Windows\system32\Secur32.dll
0x75240000 - 0x75247000 	C:\Windows\system32\WINNSI.DLL
0x75210000 - 0x75232000 	C:\Windows\system32\dhcpcsvc6.DLL
0x72790000 - 0x7279f000 	C:\Windows\system32\napinsp.dll
0x72090000 - 0x720a2000 	C:\Windows\system32\pnrpnsp.dll
0x722e0000 - 0x722e8000 	C:\Windows\System32\winrnr.dll
0x76150000 - 0x76199000 	C:\Windows\system32\WLDAP32.dll
0x727a0000 - 0x727a6000 	C:\Windows\system32\rasadhlp.dll
0x710b0000 - 0x710bc000 	C:\Windows\system32\DWMAPI.DLL
0x74940000 - 0x7497f000 	C:\Windows\system32\uxtheme.dll
0x6d2e0000 - 0x6d32f000 	C:\Program Files\Java\jdk1.6.0_25\jre\bin\fontmanager.dll
0x6d6d0000 - 0x6d6d9000 	C:\Program Files\Java\jdk1.6.0_25\jre\bin\nio.dll

VM Arguments:
java_command: ij.ImageJ
Launcher Type: SUN_STANDARD

Environment Variables:
CLASSPATH=.;C:\Program Files\QuickTime\QTSystem\QTJava.zip
PATH=C:\Program Files\Common Files\Microsoft Shared\Windows Live;C:\Windows\system32;C:\Windows;C:\Windows\System32\Wbem;C:\Windows\System32\WindowsPowerShell\v1.0\;C:\Program Files\QuickTime\QTSystem\;C:\Program Files\Windows Live\Shared;C:\Program Files\Java\bin;C:\Program Files\SSH Communications Security\SSH Secure Shell
USERNAME=Manip
OS=Windows_NT
PROCESSOR_IDENTIFIER=x86 Family 6 Model 15 Stepping 11, GenuineIntel



---------------  S Y S T E M  ---------------

OS: Windows Vista Build 6002 Service Pack 2

CPU:total 2 (2 cores per cpu, 1 threads per core) family 6 model 15 stepping 11, cmov, cx8, fxsr, mmx, sse, sse2, sse3, ssse3

Memory: 4k page, physical 3658804k(1867040k free), swap 7527528k(5731224k free)

vm_info: Java HotSpot(TM) Client VM (20.0-b11) for windows-x86 JRE (1.6.0_25-b06), built on Apr 14 2011 01:04:32 by "java_re" with MS VC++ 7.1 (VS2003)

time: Mon Jun 20 13:06:52 2011
elapsed time: 1 seconds

